This file contains any messages produced by compilers while
running configure, to aid debugging if configure makes a mistake.

It was created by curl configure -, which was
generated by GNU Autoconf 2.71.  Invocation command line was

  $ ./curl/curl-8.2.1/configure

## --------- ##
## Platform. ##
## --------- ##

hostname = localhost.localdomain
uname -m = x86_64
uname -r = 4.18.0-477.21.1.el8_8.x86_64
uname -s = Linux
uname -v = #1 SMP Thu Jul 20 08:38:27 EDT 2023

/usr/bin/uname -p = x86_64
/bin/uname -X     = unknown

/bin/arch              = x86_64
/usr/bin/arch -k       = unknown
/usr/convex/getsysinfo = unknown
/usr/bin/hostinfo      = unknown
/bin/machine           = unknown
/usr/bin/oslevel       = unknown
/bin/universe          = unknown

PATH: /home/mateusmoutinho/.local/bin/
PATH: /home/mateusmoutinho/bin/
PATH: /usr/share/Modules/bin/
PATH: /usr/local/bin/
PATH: /usr/local/sbin/
PATH: /usr/bin/
PATH: /usr/sbin/
PATH: /var/lib/snapd/snap/bin/
PATH: /home/mateusmoutinho/.local/share/JetBrains/Toolbox/scripts/
PATH: /home/mateusmoutinho/.local/share/JetBrains/Toolbox/scripts/


## ----------- ##
## Core tests. ##
## ----------- ##

configure:3315: looking for aux files: ltmain.sh config.guess config.sub missing compile install-sh
configure:3328:  trying ./curl/curl-8.2.1/
configure:3357:   ./curl/curl-8.2.1/ltmain.sh found
configure:3357:   ./curl/curl-8.2.1/config.guess found
configure:3357:   ./curl/curl-8.2.1/config.sub found
configure:3357:   ./curl/curl-8.2.1/missing found
configure:3357:   ./curl/curl-8.2.1/compile found
configure:3339:   ./curl/curl-8.2.1/install-sh found
configure:3483: checking whether to enable maintainer-specific portions of Makefiles
configure:3493: result: no
configure:3518: checking whether make supports nested variables
configure:3536: result: yes
configure:3549: checking whether to enable debug build options
configure:3572: result: no
configure:3576: checking whether to enable compiler optimizer
configure:3598: result: (assumed) yes
configure:3610: checking whether to enable strict compiler warnings
configure:3630: result: no
configure:3634: checking whether to enable compiler warnings as errors
configure:3654: result: no
configure:3658: checking whether to enable curl debug memory tracking
configure:3681: result: no
configure:3698: checking whether to enable hiding of library internal symbols
configure:3715: result: yes
configure:3726: checking whether to enable c-ares for DNS lookups
configure:3749: result: no
configure:3753: checking whether to disable dependency on -lrt
configure:3770: result: (assumed no)
configure:3781: checking whether to enable ECH support
configure:3800: result: no
configure:3831: checking for path separator
configure:3833: result: :
configure:3853: checking for sed
configure:3877: found /usr/bin/sed
configure:3890: result: /usr/bin/sed
configure:3907: checking for grep
configure:3931: found /usr/bin/grep
configure:3944: result: /usr/bin/grep
configure:3959: checking that grep -E works
configure:3963: result: yes
configure:4075: checking for ar
configure:4099: found /usr/bin/ar
configure:4111: result: /usr/bin/ar
configure:4332: checking for a BSD-compatible install
configure:4405: result: /usr/bin/install -c
configure:4482: checking for gcc
configure:4503: found /usr/bin/gcc
configure:4514: result: gcc
configure:4867: checking for C compiler version
configure:4876: gcc --version >&5
gcc (GCC) 8.5.0 20210514 (Red Hat 8.5.0-18)
Copyright (C) 2018 Free Software Foundation, Inc.
This is free software; see the source for copying conditions.  There is NO
warranty; not even for MERCHANTABILITY or FITNESS FOR A PARTICULAR PURPOSE.

configure:4887: $? = 0
configure:4876: gcc -v >&5
Using built-in specs.
COLLECT_GCC=gcc
COLLECT_LTO_WRAPPER=/usr/libexec/gcc/x86_64-redhat-linux/8/lto-wrapper
OFFLOAD_TARGET_NAMES=nvptx-none
OFFLOAD_TARGET_DEFAULT=1
Target: x86_64-redhat-linux
Configured with: ../configure --enable-bootstrap --enable-languages=c,c++,fortran,lto --prefix=/usr --mandir=/usr/share/man --infodir=/usr/share/info --with-bugurl=http://bugzilla.redhat.com/bugzilla --enable-shared --enable-threads=posix --enable-checking=release --enable-multilib --with-system-zlib --enable-__cxa_atexit --disable-libunwind-exceptions --enable-gnu-unique-object --enable-linker-build-id --with-gcc-major-version-only --with-linker-hash-style=gnu --enable-plugin --enable-initfini-array --with-isl --disable-libmpx --enable-offload-targets=nvptx-none --without-cuda-driver --enable-gnu-indirect-function --enable-cet --with-tune=generic --with-arch_32=x86-64 --build=x86_64-redhat-linux
Thread model: posix
gcc version 8.5.0 20210514 (Red Hat 8.5.0-18) (GCC) 
configure:4887: $? = 0
configure:4876: gcc -V >&5
gcc: error: unrecognized command line option '-V'
gcc: fatal error: no input files
compilation terminated.
configure:4887: $? = 1
configure:4876: gcc -qversion >&5
gcc: error: unrecognized command line option '-qversion'; did you mean '--version'?
gcc: fatal error: no input files
compilation terminated.
configure:4887: $? = 1
configure:4876: gcc -version >&5
gcc: error: unrecognized command line option '-version'
gcc: fatal error: no input files
compilation terminated.
configure:4887: $? = 1
configure:4906: checking whether the C compiler works
configure:4928: gcc    conftest.c  >&5
configure:4932: $? = 0
configure:4982: result: yes
configure:4985: checking for C compiler default output file name
configure:4987: result: a.out
configure:4993: checking for suffix of executables
configure:5000: gcc -o conftest    conftest.c  >&5
configure:5004: $? = 0
configure:5027: result: 
configure:5048: checking whether we are cross compiling
configure:5056: gcc -o conftest    conftest.c  >&5
configure:5060: $? = 0
configure:5067: ./conftest
configure:5071: $? = 0
configure:5086: result: no
configure:5091: checking for suffix of object files
configure:5113: gcc -c   conftest.c >&5
configure:5117: $? = 0
configure:5139: result: o
configure:5143: checking whether the compiler supports GNU C
configure:5162: gcc -c   conftest.c >&5
configure:5162: $? = 0
configure:5172: result: yes
configure:5183: checking whether gcc accepts -g
configure:5203: gcc -c -g  conftest.c >&5
configure:5203: $? = 0
configure:5245: result: yes
configure:5265: checking for gcc option to enable C11 features
configure:5280: gcc  -c -g -O2  conftest.c >&5
configure:5280: $? = 0
configure:5298: result: none needed
configure:5414: checking whether gcc understands -c and -o together
configure:5436: gcc -c conftest.c -o conftest2.o
configure:5439: $? = 0
configure:5436: gcc -c conftest.c -o conftest2.o

## ---------------- ##
## Cache variables. ##
## ---------------- ##

ac_cv_c_compiler_gnu=yes
ac_cv_env_CC_set=
ac_cv_env_CC_value=
ac_cv_env_CFLAGS_set=
ac_cv_env_CFLAGS_value=
ac_cv_env_CPPFLAGS_set=
ac_cv_env_CPPFLAGS_value=
ac_cv_env_CPP_set=
ac_cv_env_CPP_value=
ac_cv_env_LDFLAGS_set=
ac_cv_env_LDFLAGS_value=
ac_cv_env_LIBS_set=
ac_cv_env_LIBS_value=
ac_cv_env_LT_SYS_LIBRARY_PATH_set=
ac_cv_env_LT_SYS_LIBRARY_PATH_value=
ac_cv_env_build_alias_set=
ac_cv_env_build_alias_value=
ac_cv_env_host_alias_set=
ac_cv_env_host_alias_value=
ac_cv_env_target_alias_set=
ac_cv_env_target_alias_value=
ac_cv_objext=o
ac_cv_path_GREP=/usr/bin/grep
ac_cv_path_SED=/usr/bin/sed
ac_cv_path_ac_pt_AR=/usr/bin/ar
ac_cv_path_install='/usr/bin/install -c'
ac_cv_prog_ac_ct_CC=gcc
ac_cv_prog_cc_c11=
ac_cv_prog_cc_g=yes
ac_cv_prog_cc_stdc=
am_cv_make_support_nested_variables=yes
am_cv_prog_cc_c_o=yes

## ----------------- ##
## Output variables. ##
## ----------------- ##

ACLOCAL=''
AMDEPBACKSLASH=''
AMDEP_FALSE=''
AMDEP_TRUE=''
AMTAR=''
AM_BACKSLASH='\'
AM_DEFAULT_V='$(AM_DEFAULT_VERBOSITY)'
AM_DEFAULT_VERBOSITY='0'
AM_V='$(V)'
APACHECTL=''
APXS=''
AR='/usr/bin/ar'
AR_FLAGS=''
AS=''
AUTOCONF=''
AUTOHEADER=''
AUTOMAKE=''
AWK=''
BLANK_AT_MAKETIME=''
BUILD_LIBHOSTNAME_FALSE=''
BUILD_LIBHOSTNAME_TRUE=''
BUILD_STUB_GSS_FALSE=''
BUILD_STUB_GSS_TRUE=''
BUILD_UNITTESTS_FALSE=''
BUILD_UNITTESTS_TRUE=''
CADDY=''
CC='gcc'
CCDEPMODE=''
CFLAGS='-g -O2'
CFLAG_CURL_SYMBOL_HIDING=''
CONFIGURE_OPTIONS='""'
CPP=''
CPPFLAGS=''
CPPFLAG_CURL_STATICLIB=''
CROSSCOMPILING_FALSE=''
CROSSCOMPILING_TRUE=''
CSCOPE=''
CTAGS=''
CURLDEBUG_FALSE=''
CURLDEBUG_TRUE=''
CURLVERSION='8.2.1'
CURL_CA_BUNDLE=''
CURL_CFLAG_EXTRAS=''
CURL_DISABLE_DICT=''
CURL_DISABLE_FILE=''
CURL_DISABLE_FTP=''
CURL_DISABLE_GOPHER=''
CURL_DISABLE_HTTP=''
CURL_DISABLE_IMAP=''
CURL_DISABLE_LDAP=''
CURL_DISABLE_LDAPS=''
CURL_DISABLE_MQTT=''
CURL_DISABLE_POP3=''
CURL_DISABLE_PROXY=''
CURL_DISABLE_RTSP=''
CURL_DISABLE_SMB=''
CURL_DISABLE_SMTP=''
CURL_DISABLE_TELNET=''
CURL_DISABLE_TFTP=''
CURL_LT_SHLIB_USE_MIMPURE_TEXT_FALSE=''
CURL_LT_SHLIB_USE_MIMPURE_TEXT_TRUE=''
CURL_LT_SHLIB_USE_NO_UNDEFINED_FALSE=''
CURL_LT_SHLIB_USE_NO_UNDEFINED_TRUE=''
CURL_LT_SHLIB_USE_VERSIONED_SYMBOLS_FALSE=''
CURL_LT_SHLIB_USE_VERSIONED_SYMBOLS_TRUE=''
CURL_LT_SHLIB_USE_VERSION_INFO_FALSE=''
CURL_LT_SHLIB_USE_VERSION_INFO_TRUE=''
CURL_LT_SHLIB_VERSIONED_FLAVOUR=''
CURL_NETWORK_AND_TIME_LIBS=''
CURL_NETWORK_LIBS=''
CURL_PLIST_VERSION=''
CURL_WITH_MULTI_SSL=''
CYGPATH_W=''
DEFAULT_SSL_BACKEND=''
DEFS=''
DEPDIR=''
DLLTOOL=''
DOING_CURL_SYMBOL_HIDING_FALSE=''
DOING_CURL_SYMBOL_HIDING_TRUE=''
DOING_NATIVE_WINDOWS_FALSE=''
DOING_NATIVE_WINDOWS_TRUE=''
DSYMUTIL=''
DUMPBIN=''
ECHO_C=''
ECHO_N='-n'
ECHO_T=''
EGREP='/usr/bin/grep -E'
ENABLE_SHARED=''
ENABLE_STATIC=''
ETAGS=''
EXEEXT=''
FGREP=''
FILECMD=''
FISH_FUNCTIONS_DIR=''
GCOV=''
GREP='/usr/bin/grep'
HAVE_BROTLI=''
HAVE_GNUTLS_SRP=''
HAVE_LDAP_SSL=''
HAVE_LIBZ=''
HAVE_LIBZ_FALSE=''
HAVE_LIBZ_TRUE=''
HAVE_OPENSSL_SRP=''
HAVE_PROTO_BSDSOCKET_H=''
HAVE_WINDRES_FALSE=''
HAVE_WINDRES_TRUE=''
HAVE_ZSTD=''
HTTPD=''
HTTPD_NGHTTPX=''
IDN_ENABLED=''
INSTALL_DATA='${INSTALL} -m 644'
INSTALL_PROGRAM='${INSTALL}'
INSTALL_SCRIPT='${INSTALL}'
INSTALL_STRIP_PROGRAM=''
IPV6_ENABLED=''
LCOV=''
LD=''
LDFLAGS=''
LIBCURL_LIBS=''
LIBCURL_NO_SHARED=''
LIBOBJS=''
LIBS=''
LIBTOOL=''
LIPO=''
LN_S=''
LTLIBOBJS=''
LT_SYS_LIBRARY_PATH=''
MAINT='#'
MAINTAINER_MODE_FALSE=''
MAINTAINER_MODE_TRUE='#'
MAKEINFO=''
MANIFEST_TOOL=''
MANOPT=''
MKDIR_P=''
NM=''
NMEDIT=''
NROFF=''
NSS_LIBS=''
OBJDUMP=''
OBJEXT='o'
OTOOL64=''
OTOOL=''
PACKAGE=''
PACKAGE_BUGREPORT='a suitable curl mailing list: https://curl.se/mail/'
PACKAGE_NAME='curl'
PACKAGE_STRING='curl -'
PACKAGE_TARNAME='curl'
PACKAGE_URL=''
PACKAGE_VERSION='-'
PATH_SEPARATOR=':'
PERL=''
PKGADD_NAME=''
PKGADD_PKG=''
PKGADD_VENDOR=''
PKGCONFIG=''
RANDOM_FILE=''
RANLIB=''
RC=''
REQUIRE_LIB_DEPS=''
SED='/usr/bin/sed'
SET_MAKE=''
SHELL='/bin/sh'
SSL_BACKENDS=''
SSL_ENABLED=''
SSL_LIBS=''
STRIP=''
SUPPORT_FEATURES=''
SUPPORT_PROTOCOLS=''
TEST_NGHTTPX=''
USE_ARES=''
USE_BEARSSL=''
USE_CPPFLAG_CURL_STATICLIB_FALSE=''
USE_CPPFLAG_CURL_STATICLIB_TRUE=''
USE_EXPLICIT_LIB_DEPS_FALSE=''
USE_EXPLICIT_LIB_DEPS_TRUE=''
USE_GNUTLS=''
USE_GSASL_FALSE=''
USE_GSASL_TRUE=''
USE_HYPER=''
USE_LIBPSL_FALSE=''
USE_LIBPSL_TRUE=''
USE_LIBRTMP=''
USE_LIBSSH2=''
USE_LIBSSH=''
USE_MANUAL_FALSE=''
USE_MANUAL_TRUE=''
USE_MBEDTLS=''
USE_MSH3=''
USE_NGHTTP2=''
USE_NGHTTP3=''
USE_NGTCP2=''
USE_NGTCP2_CRYPTO_GNUTLS=''
USE_NGTCP2_CRYPTO_QUICTLS=''
USE_NGTCP2_CRYPTO_WOLFSSL=''
USE_NSS=''
USE_OPENLDAP=''
USE_QUICHE=''
USE_RUSTLS=''
USE_SCHANNEL=''
USE_SECTRANSP=''
USE_UNIX_SOCKETS=''
USE_WIN32_CRYPTO=''
USE_WIN32_LARGE_FILES=''
USE_WIN32_SMALL_FILES=''
USE_WINDOWS_SSPI=''
USE_WOLFSSH=''
USE_WOLFSSL=''
VERSION=''
VERSIONNUM=''
ZLIB_LIBS=''
ZSH_FUNCTIONS_DIR=''
ac_ct_AR=''
ac_ct_CC='gcc'
ac_ct_DUMPBIN=''
am__EXEEXT_FALSE=''
am__EXEEXT_TRUE=''
am__fastdepCC_FALSE=''
am__fastdepCC_TRUE=''
am__include=''
am__isrc=''
am__leading_dot=''
am__nodep=''
am__quote=''
am__tar=''
am__untar=''
bindir='${exec_prefix}/bin'
build=''
build_alias=''
build_cpu=''
build_os=''
build_vendor=''
datadir='${datarootdir}'
datarootdir='${prefix}/share'
docdir='${datarootdir}/doc/${PACKAGE_TARNAME}'
dvidir='${docdir}'
exec_prefix='NONE'
host=''
host_alias=''
host_cpu=''
host_os=''
host_vendor=''
htmldir='${docdir}'
includedir='${prefix}/include'
infodir='${datarootdir}/info'
install_sh=''
libdir='${exec_prefix}/lib'
libexecdir='${exec_prefix}/libexec'
libext=''
localedir='${datarootdir}/locale'
localstatedir='${prefix}/var'
mandir='${datarootdir}/man'
mkdir_p=''
oldincludedir='/usr/include'
pdfdir='${docdir}'
prefix='NONE'
program_transform_name='s,x,x,'
psdir='${docdir}'
runstatedir='${localstatedir}/run'
sbindir='${exec_prefix}/sbin'
sharedstatedir='${prefix}/com'
sysconfdir='${prefix}/etc'
target_alias=''

## ----------- ##
## confdefs.h. ##
## ----------- ##

/* confdefs.h */
#define PACKAGE_NAME "curl"
#define PACKAGE_TARNAME "curl"
#define PACKAGE_VERSION "-"
#define PACKAGE_STRING "curl -"
#define PACKAGE_BUGREPORT "a suitable curl mailing list: https://curl.se/mail/"
#define PACKAGE_URL ""

configure: caught signal 2
configure: exit 1
